0 info it worked if it ends with ok
1 verbose cli [ '/Users/afcubero/.nvm/versions/node/v7.1.0/bin/node',
1 verbose cli   '/Users/afcubero/.nvm/versions/node/v7.1.0/bin/npm',
1 verbose cli   'publish' ]
2 info using npm@3.10.9
3 info using node@v7.1.0
4 verbose publish [ '.' ]
5 silly cache add args [ '.', null ]
6 verbose cache add spec .
7 silly cache add parsed spec Result {
7 silly cache add   raw: '.',
7 silly cache add   scope: null,
7 silly cache add   escapedName: null,
7 silly cache add   name: null,
7 silly cache add   rawSpec: '.',
7 silly cache add   spec: '/Users/afcubero/Projects/flyd-debounceTime',
7 silly cache add   type: 'directory' }
8 verbose addLocalDirectory /Users/afcubero/.npm/flyd-debouncetime/0.0.2/package.tgz not in flight; packing
9 verbose correctMkdir /Users/afcubero/.npm correctMkdir not in flight; initializing
10 info lifecycle flyd-debouncetime@0.0.2~prepublish: flyd-debouncetime@0.0.2
11 silly lifecycle flyd-debouncetime@0.0.2~prepublish: no script for prepublish, continuing
12 verbose tar pack [ '/Users/afcubero/.npm/flyd-debouncetime/0.0.2/package.tgz',
12 verbose tar pack   '/Users/afcubero/Projects/flyd-debounceTime' ]
13 verbose tarball /Users/afcubero/.npm/flyd-debouncetime/0.0.2/package.tgz
14 verbose folder /Users/afcubero/Projects/flyd-debounceTime
15 verbose addLocalTarball adding from inside cache /Users/afcubero/.npm/flyd-debouncetime/0.0.2/package.tgz
16 verbose correctMkdir /Users/afcubero/.npm correctMkdir not in flight; initializing
17 silly cache afterAdd flyd-debouncetime@0.0.2
18 verbose afterAdd /Users/afcubero/.npm/flyd-debouncetime/0.0.2/package/package.json not in flight; writing
19 verbose correctMkdir /Users/afcubero/.npm correctMkdir not in flight; initializing
20 verbose afterAdd /Users/afcubero/.npm/flyd-debouncetime/0.0.2/package/package.json written
21 silly publish { name: 'flyd-debouncetime',
21 silly publish   version: '0.0.2',
21 silly publish   description: 'debounceTime implementation for flyd streams',
21 silly publish   main: 'index.js',
21 silly publish   scripts: { test: 'mocha test/index.js' },
21 silly publish   repository:
21 silly publish    { type: 'git',
21 silly publish      url: 'git+https://github.com/bertofer/flyd-debounceTime.git' },
21 silly publish   keywords: [ 'flyd', 'streams', 'debounce', 'debounceTime', 'combine' ],
21 silly publish   author: { name: 'Alberto Fernandez', url: 'Bertofer' },
21 silly publish   license: 'MIT',
21 silly publish   bugs: { url: 'https://github.com/bertofer/flyd-debounceTime/issues' },
21 silly publish   homepage: 'https://github.com/bertofer/flyd-debounceTime#readme',
21 silly publish   dependencies: { flyd: '^0.2.2' },
21 silly publish   devDependencies: { assert: '^1.4.1', mocha: '^3.2.0' },
21 silly publish   readme: '# flyd-debounceTime\n[![Build Status](https://travis-ci.org/bertofer/flyd-once.svg?branch=master)](https://travis-ci.org/bertofer/flyd-once)\n\ndebounceTime implementation for flyd streams. Similar to [flyd-aftersilence](https://github.com/paldepind/flyd/tree/master/module/aftersilence), but it only emits the last value received.\n\n## Usage\n```javascript\nvar stream$ = flyd.stream()\nvar debounce$ = debounceTime(500, stream$)\n\nstream$(1)\nassert.deepEqual(debounce$(), undefined)\nstream$(2)\nstream$(3)\nassert.deepEqual(debounce$(), undefined)\n\nsetTimeout(function () {\n  assert.deepEqual(debounce$(), 3)\n  done()\n}, 550)\n```',
21 silly publish   readmeFilename: 'README.md',
21 silly publish   gitHead: '1349b4afaa62f6e0ac13770154752e82a0bd7621',
21 silly publish   _id: 'flyd-debouncetime@0.0.2',
21 silly publish   _shasum: '0558d8d7a4ea2e8efc4eceaf06525866034b4437',
21 silly publish   _from: '.' }
22 verbose getPublishConfig undefined
23 silly mapToRegistry name flyd-debouncetime
24 silly mapToRegistry using default registry
25 silly mapToRegistry registry https://registry.npmjs.org/
26 silly mapToRegistry data Result {
26 silly mapToRegistry   raw: 'flyd-debouncetime',
26 silly mapToRegistry   scope: null,
26 silly mapToRegistry   escapedName: 'flyd-debouncetime',
26 silly mapToRegistry   name: 'flyd-debouncetime',
26 silly mapToRegistry   rawSpec: '',
26 silly mapToRegistry   spec: 'latest',
26 silly mapToRegistry   type: 'tag' }
27 silly mapToRegistry uri https://registry.npmjs.org/flyd-debouncetime
28 verbose publish registryBase https://registry.npmjs.org/
29 silly publish uploading /Users/afcubero/.npm/flyd-debouncetime/0.0.2/package.tgz
30 verbose request uri https://registry.npmjs.org/flyd-debouncetime
31 verbose request sending authorization for write operation
32 info attempt registry request try #1 at 12:07:32 PM
33 verbose request using bearer token for auth
34 verbose request id 3566de4b4df9deda
35 http request PUT https://registry.npmjs.org/flyd-debouncetime
36 http 403 https://registry.npmjs.org/flyd-debouncetime
37 verbose headers { 'content-type': 'application/json',
37 verbose headers   'cache-control': 'max-age=300',
37 verbose headers   'content-length': '95',
37 verbose headers   'accept-ranges': 'bytes',
37 verbose headers   date: 'Wed, 11 Jan 2017 12:07:33 GMT',
37 verbose headers   via: '1.1 varnish',
37 verbose headers   connection: 'keep-alive',
37 verbose headers   'x-served-by': 'cache-lcy1143-LCY',
37 verbose headers   'x-cache': 'MISS',
37 verbose headers   'x-cache-hits': '0',
37 verbose headers   'x-timer': 'S1484136452.818749,VS0,VE988',
37 verbose headers   vary: 'Accept-Encoding' }
38 verbose request invalidating /Users/afcubero/.npm/registry.npmjs.org/flyd-debouncetime on PUT
39 error publish Failed PUT 403
40 verbose stack Error: "You cannot publish over the previously published version 0.0.2." : flyd-debouncetime
40 verbose stack     at makeError (/Users/afcubero/.nvm/versions/node/v7.1.0/lib/node_modules/npm/node_modules/npm-registry-client/lib/request.js:302:12)
40 verbose stack     at CachingRegistryClient.<anonymous> (/Users/afcubero/.nvm/versions/node/v7.1.0/lib/node_modules/npm/node_modules/npm-registry-client/lib/request.js:290:14)
40 verbose stack     at Request._callback (/Users/afcubero/.nvm/versions/node/v7.1.0/lib/node_modules/npm/node_modules/npm-registry-client/lib/request.js:210:14)
40 verbose stack     at Request.self.callback (/Users/afcubero/.nvm/versions/node/v7.1.0/lib/node_modules/npm/node_modules/request/request.js:187:22)
40 verbose stack     at emitTwo (events.js:106:13)
40 verbose stack     at Request.emit (events.js:191:7)
40 verbose stack     at Request.<anonymous> (/Users/afcubero/.nvm/versions/node/v7.1.0/lib/node_modules/npm/node_modules/request/request.js:1048:10)
40 verbose stack     at emitOne (events.js:96:13)
40 verbose stack     at Request.emit (events.js:188:7)
40 verbose stack     at IncomingMessage.<anonymous> (/Users/afcubero/.nvm/versions/node/v7.1.0/lib/node_modules/npm/node_modules/request/request.js:969:12)
41 verbose statusCode 403
42 verbose pkgid flyd-debouncetime
43 verbose cwd /Users/afcubero/Projects/flyd-debounceTime
44 error Darwin 16.3.0
45 error argv "/Users/afcubero/.nvm/versions/node/v7.1.0/bin/node" "/Users/afcubero/.nvm/versions/node/v7.1.0/bin/npm" "publish"
46 error node v7.1.0
47 error npm  v3.10.9
48 error code E403
49 error "You cannot publish over the previously published version 0.0.2." : flyd-debouncetime
50 error If you need help, you may report this error at:
50 error     <https://github.com/npm/npm/issues>
51 verbose exit [ 1, true ]
